time="2022-04-18T04:29:31.160394Z" level=error msg="code=400, message=Syntax error: offset=30, error=invalid character '\"' after object key:value pair, internal=invalid character '\"' after object key:value pair" file=/build/handler/user_handler.go line=25
time="2022-04-18T06:02:06.8976264Z" level=error msg="missing destination name update_at in *model.User" file=/build/repository/repo_impl/repo_impl.go line=57
time="2022-04-18T06:02:16.4836017Z" level=error msg="missing destination name update_at in *model.User" file=/build/repository/repo_impl/repo_impl.go line=57
time="2022-04-18T06:42:15.0794411Z" level=error msg="could not find name updated_at in model.User{UserId:\"af130765-bee2-11ec-a260-0242ac120003\", FullName:\"abc\", Email:\"quan2210quan@gmail.com\", PassWord:\"$2a$04$uEhBvLBPIv1435eTmYf0/eOb4hFoSSDPwT4JrNdpCRlszayi1nwve\", Role:\"MEMBER\", CreatedAt:time.Date(2022, time.April, 18, 6, 42, 15, 79191300, time.Local), UpdatedAt:time.Date(2022, time.April, 18, 6, 42, 15, 79207300, time.Local), Token:\"\"}" file=/build/repository/repo_impl/repo_impl.go line=37
time="2022-04-18T06:42:15.090403Z" level=error msg="dang ky that bai" file=/build/handler/user_handler.go line=65
time="2022-04-18T06:42:18.4336115Z" level=error msg="could not find name updated_at in model.User{UserId:\"b112e8d4-bee2-11ec-a260-0242ac120003\", FullName:\"abc\", Email:\"quan2210quan@gmail.com\", PassWord:\"$2a$04$GFGTTGY/8rBIQ2wIFJIvgOnMNkjqwC7LB62dcCOPRIKf6Uh3G3Dca\", Role:\"MEMBER\", CreatedAt:time.Date(2022, time.April, 18, 6, 42, 18, 433566800, time.Local), UpdatedAt:time.Date(2022, time.April, 18, 6, 42, 18, 433574500, time.Local), Token:\"\"}" file=/build/repository/repo_impl/repo_impl.go line=37
time="2022-04-18T06:42:18.4343183Z" level=error msg="dang ky that bai" file=/build/handler/user_handler.go line=65
time="2022-04-18T06:55:41.6882761Z" level=error msg="could not find name updated_at in model.User{UserId:\"8fd9d650-bee4-11ec-a260-0242ac120003\", FullName:\"abcdad\", Email:\"quan2210quan@gmail.com\", PassWord:\"$2a$04$b05aOyrEri9q/Xe9Xkc1r.SwcKpHM5fiY/sxyfHcd3WeXi/Ew5L1a\", Role:\"MEMBER\", CreatedAt:time.Date(2022, time.April, 18, 6, 55, 41, 688183800, time.Local), UpdatedAt:time.Date(2022, time.April, 18, 6, 55, 41, 688191600, time.Local), Token:\"\"}" file=/build/repository/repo_impl/repo_impl.go line=37
time="2022-04-18T06:55:41.6895267Z" level=error msg="dang ky that bai" file=/build/handler/user_handler.go line=65
time="2022-04-18T06:55:44.6434673Z" level=error msg="could not find name updated_at in model.User{UserId:\"919cc496-bee4-11ec-a260-0242ac120003\", FullName:\"abcdad\", Email:\"quan22s10quan@gmail.com\", PassWord:\"$2a$04$e0NavYzOQ8kQYoA.b.4JY.LkVwIkUapzC/kTsrSQA69lyjebzwP1y\", Role:\"MEMBER\", CreatedAt:time.Date(2022, time.April, 18, 6, 55, 44, 643405700, time.Local), UpdatedAt:time.Date(2022, time.April, 18, 6, 55, 44, 643414800, time.Local), Token:\"\"}" file=/build/repository/repo_impl/repo_impl.go line=37
time="2022-04-18T06:55:44.6443723Z" level=error msg="dang ky that bai" file=/build/handler/user_handler.go line=65
time="2022-04-18T06:55:53.8970247Z" level=error msg="could not find name updated_at in model.User{UserId:\"9720bfad-bee4-11ec-a260-0242ac120003\", FullName:\"abcdad\", Email:\"quan2210quan@gmail.com\", PassWord:\"$2a$04$v9atkWLdTwUzN/b01Gfx8uEnnvhoQXNiexxeT3CkkM1l84RxOqCsu\", Role:\"MEMBER\", CreatedAt:time.Date(2022, time.April, 18, 6, 55, 53, 896962300, time.Local), UpdatedAt:time.Date(2022, time.April, 18, 6, 55, 53, 896970900, time.Local), Token:\"\"}" file=/build/repository/repo_impl/repo_impl.go line=37
time="2022-04-18T06:55:53.8977923Z" level=error msg="dang ky that bai" file=/build/handler/user_handler.go line=65
time="2022-04-18T06:55:58.7554324Z" level=error msg="could not find name updated_at in model.User{UserId:\"9a0615a6-bee4-11ec-a260-0242ac120003\", FullName:\"abcdad\", Email:\"quan221quan0quan@gmail.com\", PassWord:\"$2a$04$Y9vsBwbM4K8bj.SBuYI9dOxCqr0baliOQ.qaFZsisKyG9JcgO7xS.\", Role:\"MEMBER\", CreatedAt:time.Date(2022, time.April, 18, 6, 55, 58, 755379100, time.Local), UpdatedAt:time.Date(2022, time.April, 18, 6, 55, 58, 755386400, time.Local), Token:\"\"}" file=/build/repository/repo_impl/repo_impl.go line=37
time="2022-04-18T06:55:58.7567568Z" level=error msg="dang ky that bai" file=/build/handler/user_handler.go line=65
time="2022-04-18T06:56:02.4121663Z" level=error msg="could not find name updated_at in model.User{UserId:\"9c340f1d-bee4-11ec-a260-0242ac120003\", FullName:\"abcdad\", Email:\"quan221quan0quan@gmail.com\", PassWord:\"$2a$04$llSuqOL05Dsrs24SW480QO/ctz3izC0WdvqF7O/uMnex7aQjA82VW\", Role:\"MEMBER\", CreatedAt:time.Date(2022, time.April, 18, 6, 56, 2, 412121000, time.Local), UpdatedAt:time.Date(2022, time.April, 18, 6, 56, 2, 412129400, time.Local), Token:\"\"}" file=/build/repository/repo_impl/repo_impl.go line=37
time="2022-04-18T06:56:02.4129636Z" level=error msg="dang ky that bai" file=/build/handler/user_handler.go line=65
time="2022-04-18T07:15:11.3240666Z" level=error msg="could not find name updated_at in model.User{UserId:\"49021553-bee7-11ec-bf97-0242ac120003\", FullName:\"abcdad\", Email:\"quan221quan0quan@gmail.com\", PassWord:\"$2a$04$VKXkSvys84oiGTpeS8vHLudE3aINu7MVW/iCkHJLJ7Chb6kqwLfzq\", Role:\"MEMBER\", CreatedAt:time.Date(2022, time.April, 18, 7, 15, 11, 323987700, time.Local), UpdatedAt:time.Date(2022, time.April, 18, 7, 15, 11, 323995600, time.Local), Token:\"\"}" file=/build/repository/repo_impl/repo_impl.go line=37
time="2022-04-18T07:15:11.3294549Z" level=error msg="dang ky that bai" file=/build/handler/user_handler.go line=65
time="2022-04-18T07:15:25.7218322Z" level=error msg="could not find name updated_at in model.User{UserId:\"51970201-bee7-11ec-b339-0242ac120003\", FullName:\"abcdad\", Email:\"quan221quan0quan@gmail.com\", PassWord:\"$2a$04$f7XPZdJdmfLPoiX0YwPXGOSzp6rR6R5w6fkitY5ob2T2aI4y27k6G\", Role:\"MEMBER\", CreatedAt:time.Date(2022, time.April, 18, 7, 15, 25, 721746600, time.Local), UpdatedAt:time.Date(2022, time.April, 18, 7, 15, 25, 721754500, time.Local), Token:\"\"}" file=/build/repository/repo_impl/repo_impl.go line=37
time="2022-04-18T07:15:25.7274364Z" level=error msg="dang ky that bai" file=/build/handler/user_handler.go line=65
time="2022-04-18T07:15:53.6388711Z" level=error msg="could not find name updated_at in model.User{UserId:\"623acf28-bee7-11ec-ba1f-0242ac120003\", FullName:\"abcdad\", Email:\"quan221quan0quan@gmail.com\", PassWord:\"$2a$04$rcN40ZFTP1au7duUtJ4LtOn3XjYQEx8D62Ag9PKvY0yLbrL6s69vi\", Role:\"MEMBER\", CreatedAt:time.Date(2022, time.April, 18, 7, 15, 53, 638780200, time.Local), UpdatedAt:time.Date(2022, time.April, 18, 7, 15, 53, 638788100, time.Local), Token:\"\"}" file=/build/repository/repo_impl/repo_impl.go line=37
time="2022-04-18T07:15:53.6440712Z" level=error msg="dang ky that bai" file=/build/handler/user_handler.go line=65
time="2022-04-18T07:17:15.4931288Z" level=error msg="pq: duplicate key value violates unique constraint \"users_email_key\"" file=/build/repository/repo_impl/repo_impl.go line=37
time="2022-04-18T07:17:15.4988521Z" level=error msg="nguoi dung da ton tai" file=/build/handler/user_handler.go line=65
time="2022-04-18T07:17:17.6838103Z" level=error msg="pq: duplicate key value violates unique constraint \"users_email_key\"" file=/build/repository/repo_impl/repo_impl.go line=37
time="2022-04-18T07:17:17.6846126Z" level=error msg="nguoi dung da ton tai" file=/build/handler/user_handler.go line=65
time="2022-04-18T07:17:32.4737182Z" level=error msg="pq: duplicate key value violates unique constraint \"users_email_key\"" file=/build/repository/repo_impl/repo_impl.go line=37
time="2022-04-18T07:17:32.4745315Z" level=error msg="nguoi dung da ton tai" file=/build/handler/user_handler.go line=65
time="2022-04-18T07:24:50.7405587Z" level=error msg="nguoi dung da ton tai" file=/build/handler/user_handler.go line=65
time="2022-04-18T08:13:18.1409142Z" level=error msg="luu anh that bai" file=/build/handler/image_handler.go line=24
time="2022-04-18T08:13:27.4960661Z" level=error msg="luu anh that bai" file=/build/handler/image_handler.go line=24
time="2022-04-18T08:30:29.5667336Z" level=error msg="luu anh that bai" file=/build/handler/image_handler.go line=26
time="2022-04-18T08:33:05.1998736Z" level=error msg="luu anh that bai" file=/build/handler/image_handler.go line=26
time="2022-04-18T08:36:02.0405479Z" level=error msg="luu anh that bai" file=/build/handler/image_handler.go line=26
time="2022-04-18T08:37:25.5065563Z" level=error msg="luu anh that bai" file=/build/handler/image_handler.go line=26
